mode: set
github.com/mwillfox/go-eq-gen/evolution/gene.go:27.42,31.2 1 1
github.com/mwillfox/go-eq-gen/evolution/gene.go:34.48,39.2 2 1
github.com/mwillfox/go-eq-gen/evolution/gene.go:42.38,44.13 2 1
github.com/mwillfox/go-eq-gen/evolution/gene.go:44.13,46.3 1 1
github.com/mwillfox/go-eq-gen/evolution/gene.go:47.2,47.11 1 1
github.com/mwillfox/go-eq-gen/evolution/gene.go:48.11,49.13 1 1
github.com/mwillfox/go-eq-gen/evolution/gene.go:50.11,51.13 1 1
github.com/mwillfox/go-eq-gen/evolution/gene.go:52.11,53.13 1 1
github.com/mwillfox/go-eq-gen/evolution/gene.go:54.11,55.13 1 1
github.com/mwillfox/go-eq-gen/evolution/gene.go:56.10,57.13 1 1
github.com/mwillfox/go-eq-gen/evolution/gene.go:62.39,65.2 2 1
github.com/mwillfox/go-eq-gen/evolution/gene.go:68.40,71.2 2 1
github.com/mwillfox/go-eq-gen/evolution/gene.go:74.38,76.2 1 1
github.com/mwillfox/go-eq-gen/evolution/gene.go:80.40,82.32 2 1
github.com/mwillfox/go-eq-gen/evolution/gene.go:82.32,84.13 2 1
github.com/mwillfox/go-eq-gen/evolution/gene.go:84.13,85.26 1 1
github.com/mwillfox/go-eq-gen/evolution/gene.go:85.26,87.5 1 1
github.com/mwillfox/go-eq-gen/evolution/gene.go:87.10,89.5 1 0
github.com/mwillfox/go-eq-gen/evolution/gene.go:90.9,92.4 1 0
github.com/mwillfox/go-eq-gen/evolution/gene.go:94.2,94.25 1 1
github.com/mwillfox/go-eq-gen/evolution/gene.go:99.66,104.2 4 1
github.com/mwillfox/go-eq-gen/evolution/gene.go:107.36,111.2 1 1
github.com/mwillfox/go-eq-gen/evolution/gene.go:114.36,115.21 1 1
github.com/mwillfox/go-eq-gen/evolution/gene.go:115.21,117.3 1 1
github.com/mwillfox/go-eq-gen/evolution/gene.go:118.2,118.19 1 1
github.com/mwillfox/go-eq-gen/evolution/gene.go:119.11,120.13 1 1
github.com/mwillfox/go-eq-gen/evolution/gene.go:121.11,122.13 1 1
github.com/mwillfox/go-eq-gen/evolution/gene.go:123.11,124.13 1 1
github.com/mwillfox/go-eq-gen/evolution/gene.go:125.11,126.13 1 1
github.com/mwillfox/go-eq-gen/evolution/gene.go:127.10,128.13 1 1
github.com/mwillfox/go-eq-gen/evolution/gene.go:133.37,135.2 1 1
github.com/mwillfox/go-eq-gen/evolution/gene.go:138.38,140.2 1 1
github.com/mwillfox/go-eq-gen/evolution/gene.go:143.36,145.2 1 1
github.com/mwillfox/go-eq-gen/evolution/gene.go:149.38,151.24 2 1
github.com/mwillfox/go-eq-gen/evolution/gene.go:151.24,153.13 2 1
github.com/mwillfox/go-eq-gen/evolution/gene.go:153.13,155.4 1 1
github.com/mwillfox/go-eq-gen/evolution/gene.go:155.9,157.4 1 0
github.com/mwillfox/go-eq-gen/evolution/gene.go:159.2,160.36 2 1
github.com/mwillfox/go-eq-gen/evolution/gene.go:165.64,167.24 2 1
github.com/mwillfox/go-eq-gen/evolution/gene.go:167.24,168.40 1 1
github.com/mwillfox/go-eq-gen/evolution/gene.go:170.2,170.23 1 1
github.com/mwillfox/go-eq-gen/evolution/gene.go:171.19,173.28 2 0
github.com/mwillfox/go-eq-gen/evolution/gene.go:174.17,175.9 1 1
github.com/mwillfox/go-eq-gen/evolution/gene.go:182.2,186.23 5 1
github.com/mwillfox/go-eq-gen/evolution/genotypes.go:33.30,35.40 2 0
github.com/mwillfox/go-eq-gen/evolution/genotypes.go:35.40,37.35 2 0
github.com/mwillfox/go-eq-gen/evolution/genotypes.go:37.35,39.4 1 0
github.com/mwillfox/go-eq-gen/evolution/genotypes.go:40.3,40.36 1 0
github.com/mwillfox/go-eq-gen/evolution/genotypes.go:42.2,42.30 1 0
github.com/mwillfox/go-eq-gen/evolution/genotypes.go:46.36,48.36 2 1
github.com/mwillfox/go-eq-gen/evolution/genotypes.go:48.36,50.3 1 1
github.com/mwillfox/go-eq-gen/evolution/genotypes.go:51.2,51.20 1 1
github.com/mwillfox/go-eq-gen/evolution/genotypes.go:55.37,57.36 2 0
github.com/mwillfox/go-eq-gen/evolution/genotypes.go:57.36,60.3 2 0
github.com/mwillfox/go-eq-gen/evolution/genotypes.go:61.2,61.20 1 0
github.com/mwillfox/go-eq-gen/evolution/genotypes.go:66.37,69.36 3 0
github.com/mwillfox/go-eq-gen/evolution/genotypes.go:69.36,70.18 1 0
github.com/mwillfox/go-eq-gen/evolution/genotypes.go:70.18,71.90 1 0
github.com/mwillfox/go-eq-gen/evolution/genotypes.go:71.90,75.5 3 0
github.com/mwillfox/go-eq-gen/evolution/genotypes.go:76.9,77.24 1 0
github.com/mwillfox/go-eq-gen/evolution/genotypes.go:77.24,81.5 3 0
github.com/mwillfox/go-eq-gen/evolution/genotypes.go:84.2,84.39 1 0
github.com/mwillfox/go-eq-gen/evolution/genotypes.go:89.48,90.36 1 0
github.com/mwillfox/go-eq-gen/evolution/genotypes.go:90.36,92.3 1 0
github.com/mwillfox/go-eq-gen/evolution/genotypes.go:93.2,93.10 1 0
github.com/mwillfox/go-eq-gen/evolution/genotypes.go:97.60,100.33 3 1
github.com/mwillfox/go-eq-gen/evolution/genotypes.go:100.33,103.3 1 1
github.com/mwillfox/go-eq-gen/evolution/genotypes.go:104.2,104.23 1 1
github.com/mwillfox/go-eq-gen/evolution/genotypes.go:104.23,111.3 5 1
github.com/mwillfox/go-eq-gen/evolution/genotypes.go:112.2,112.48 1 1
github.com/mwillfox/go-eq-gen/evolution/genotypes.go:112.48,115.3 1 1
github.com/mwillfox/go-eq-gen/evolution/genotypes.go:116.2,116.14 1 1
github.com/mwillfox/go-eq-gen/evolution/genotypes.go:120.62,121.29 1 0
github.com/mwillfox/go-eq-gen/evolution/genotypes.go:121.29,122.23 1 0
github.com/mwillfox/go-eq-gen/evolution/genotypes.go:122.23,124.4 1 0
github.com/mwillfox/go-eq-gen/evolution/genotypes.go:126.2,126.14 1 0
github.com/mwillfox/go-eq-gen/evolution/population.go:30.57,32.28 2 0
github.com/mwillfox/go-eq-gen/evolution/population.go:32.28,34.3 1 0
github.com/mwillfox/go-eq-gen/evolution/population.go:35.2,37.43 1 0
github.com/mwillfox/go-eq-gen/evolution/population.go:37.43,39.18 2 0
github.com/mwillfox/go-eq-gen/evolution/population.go:39.18,41.5 1 0
github.com/mwillfox/go-eq-gen/evolution/population.go:42.4,42.51 1 0
github.com/mwillfox/go-eq-gen/evolution/population.go:53.38,55.30 2 0
github.com/mwillfox/go-eq-gen/evolution/population.go:55.30,58.3 2 0
github.com/mwillfox/go-eq-gen/evolution/population.go:59.2,59.20 1 0
github.com/mwillfox/go-eq-gen/evolution/population.go:64.56,65.30 1 0
github.com/mwillfox/go-eq-gen/evolution/population.go:65.30,67.13 2 0
github.com/mwillfox/go-eq-gen/evolution/population.go:67.13,69.4 1 0
github.com/mwillfox/go-eq-gen/evolution/population.go:71.2,71.19 1 0
github.com/mwillfox/go-eq-gen/evolution/population.go:75.47,77.30 2 0
github.com/mwillfox/go-eq-gen/evolution/population.go:77.30,78.42 1 0
github.com/mwillfox/go-eq-gen/evolution/population.go:78.42,80.4 1 0
github.com/mwillfox/go-eq-gen/evolution/population.go:82.2,82.16 1 0
github.com/mwillfox/go-eq-gen/evolution/population.go:87.36,89.40 2 0
github.com/mwillfox/go-eq-gen/evolution/population.go:89.40,96.3 6 0
github.com/mwillfox/go-eq-gen/evolution/population.go:97.2,98.17 2 0
github.com/mwillfox/go-eq-gen/evolution/population.go:102.66,104.37 2 0
github.com/mwillfox/go-eq-gen/evolution/population.go:104.37,107.31 3 0
github.com/mwillfox/go-eq-gen/evolution/population.go:107.31,109.4 1 0
github.com/mwillfox/go-eq-gen/evolution/population.go:111.2,111.28 1 0
github.com/mwillfox/go-eq-gen/evolution/population.go:111.28,116.3 3 0
github.com/mwillfox/go-eq-gen/evolution/population.go:116.8,120.3 3 0
github.com/mwillfox/go-eq-gen/evolution/population.go:124.87,127.37 3 0
github.com/mwillfox/go-eq-gen/evolution/population.go:127.37,131.3 3 0
github.com/mwillfox/go-eq-gen/evolution/population.go:132.2,132.15 1 0
github.com/mwillfox/go-eq-gen/evolution/solver.go:17.32,19.2 1 0
github.com/mwillfox/go-eq-gen/evolution/solver.go:23.50,25.16 2 0
github.com/mwillfox/go-eq-gen/evolution/solver.go:25.16,27.3 1 0
github.com/mwillfox/go-eq-gen/evolution/solver.go:28.2,28.37 1 0
github.com/mwillfox/go-eq-gen/evolution/solver.go:32.52,33.32 1 0
github.com/mwillfox/go-eq-gen/evolution/solver.go:34.23,35.15 1 0
github.com/mwillfox/go-eq-gen/evolution/solver.go:36.18,37.38 1 0
github.com/mwillfox/go-eq-gen/evolution/solver.go:38.18,39.38 1 0
github.com/mwillfox/go-eq-gen/evolution/solver.go:40.18,41.38 1 0
github.com/mwillfox/go-eq-gen/evolution/solver.go:42.18,44.25 1 0
github.com/mwillfox/go-eq-gen/evolution/solver.go:44.25,46.5 1 0
github.com/mwillfox/go-eq-gen/evolution/solver.go:47.4,47.38 1 0
github.com/mwillfox/go-eq-gen/evolution/solver.go:48.11,49.12 1 0
github.com/mwillfox/go-eq-gen/evolution/solver.go:51.21,53.15 2 0
github.com/mwillfox/go-eq-gen/evolution/solver.go:54.10,55.11 1 0
